<?xml version="1.0" encoding="UTF-8"?>
<!-- Generated by org.testng.reporters.JUnitXMLReporter -->
<testsuite ignored="0" hostname="DharminShah" failures="1" tests="2" name="Test" time="7.205" errors="0" timestamp="06 Dec 2021 16:55:24 GMT">
  <testcase classname="Weather.Shopping.EndToEndBuyProduct" name="addToCartProduct" time="1.919"/>
  <testcase classname="Weather.Shopping.EndToEndBuyProduct" name="checkout" time="0.904">
    <failure type="java.lang.AssertionError" message="expected [PAYMENT SUCCESS] but found [Checkout]">
      <![CDATA[java.lang.AssertionError: expected [PAYMENT SUCCESS] but found [Checkout]
at Weather.Shopping.EndToEndBuyProduct.checkout(EndToEndBuyProduct.java:227)
... Removed 35 stack frames]]>
    </failure>
  </testcase> <!-- checkout -->
</testsuite> <!-- Test -->
