<?xml version="1.0" encoding="UTF-8"?>
<testng-results ignored="0" total="2" passed="1" failed="1" skipped="0">
  <reporter-output>
  </reporter-output>
  <suite started-at="2021-12-06T16:55:16Z" name="Suite" finished-at="2021-12-06T16:55:24Z" duration-ms="7205">
    <groups>
    </groups>
    <test started-at="2021-12-06T16:55:16Z" name="Test" finished-at="2021-12-06T16:55:24Z" duration-ms="7205">
      <class name="Weather.Shopping.EndToEndBuyProduct">
        <test-method is-config="true" signature="initilize()[pri:0, instance:Weather.Shopping.EndToEndBuyProduct@81ff872]" started-at="2021-12-06T16:55:16Z" name="initilize" finished-at="2021-12-06T16:55:20Z" duration-ms="3958" status="PASS">
          <reporter-output>
          </reporter-output>
        </test-method> <!-- initilize -->
        <test-method signature="addToCartProduct()[pri:0, instance:Weather.Shopping.EndToEndBuyProduct@81ff872]" started-at="2021-12-06T16:55:20Z" name="addToCartProduct" finished-at="2021-12-06T16:55:22Z" duration-ms="1919" status="PASS">
          <reporter-output>
          </reporter-output>
        </test-method> <!-- addToCartProduct -->
        <test-method signature="checkout()[pri:0, instance:Weather.Shopping.EndToEndBuyProduct@81ff872]" started-at="2021-12-06T16:55:22Z" name="checkout" finished-at="2021-12-06T16:55:23Z" depends-on-methods="Weather.Shopping.EndToEndBuyProduct.addToCartProduct" duration-ms="904" status="FAIL">
          <exception class="java.lang.AssertionError">
            <message>
              <![CDATA[expected [PAYMENT SUCCESS] but found [Checkout]]]>
            </message>
            <full-stacktrace>
              <![CDATA[java.lang.AssertionError: expected [PAYMENT SUCCESS] but found [Checkout]
at org.testng.Assert.fail(Assert.java:96)
at org.testng.Assert.failNotEquals(Assert.java:776)
at org.testng.Assert.assertEqualsImpl(Assert.java:137)
at org.testng.Assert.assertEquals(Assert.java:118)
at org.testng.Assert.assertEquals(Assert.java:453)
at org.testng.Assert.assertEquals(Assert.java:463)
at Weather.Shopping.EndToEndBuyProduct.checkout(EndToEndBuyProduct.java:227)
at java.base/jdk.internal.reflect.NativeMethodAccessorImpl.invoke0(Native Method)
at java.base/jdk.internal.reflect.NativeMethodAccessorImpl.invoke(NativeMethodAccessorImpl.java:78)
at java.base/jdk.internal.reflect.DelegatingMethodAccessorImpl.invoke(DelegatingMethodAccessorImpl.java:43)
at java.base/java.lang.reflect.Method.invoke(Method.java:567)
at org.testng.internal.MethodInvocationHelper.invokeMethod(MethodInvocationHelper.java:124)
at org.testng.internal.Invoker.invokeMethod(Invoker.java:583)
at org.testng.internal.Invoker.invokeTestMethod(Invoker.java:719)
at org.testng.internal.Invoker.invokeTestMethods(Invoker.java:989)
at org.testng.internal.TestMethodWorker.invokeTestMethods(TestMethodWorker.java:125)
at org.testng.internal.TestMethodWorker.run(TestMethodWorker.java:109)
at org.testng.TestRunner.privateRun(TestRunner.java:648)
at org.testng.TestRunner.run(TestRunner.java:505)
at org.testng.SuiteRunner.runTest(SuiteRunner.java:455)
at org.testng.SuiteRunner.runSequentially(SuiteRunner.java:450)
at org.testng.SuiteRunner.privateRun(SuiteRunner.java:415)
at org.testng.SuiteRunner.run(SuiteRunner.java:364)
at org.testng.SuiteRunnerWorker.runSuite(SuiteRunnerWorker.java:52)
at org.testng.SuiteRunnerWorker.run(SuiteRunnerWorker.java:84)
at org.testng.TestNG.runSuitesSequentially(TestNG.java:1208)
at org.testng.TestNG.runSuitesLocally(TestNG.java:1137)
at org.testng.TestNG.runSuites(TestNG.java:1049)
at org.testng.TestNG.run(TestNG.java:1017)
at org.apache.maven.surefire.testng.TestNGExecutor.run(TestNGExecutor.java:284)
at org.apache.maven.surefire.testng.TestNGXmlTestSuite.execute(TestNGXmlTestSuite.java:75)
at org.apache.maven.surefire.testng.TestNGProvider.invoke(TestNGProvider.java:119)
at org.apache.maven.surefire.booter.ForkedBooter.runSuitesInProcess(ForkedBooter.java:428)
at org.apache.maven.surefire.booter.ForkedBooter.execute(ForkedBooter.java:162)
at org.apache.maven.surefire.booter.ForkedBooter.run(ForkedBooter.java:562)
at org.apache.maven.surefire.booter.ForkedBooter.main(ForkedBooter.java:548)
]]>
            </full-stacktrace>
          </exception> <!-- java.lang.AssertionError -->
          <reporter-output>
          </reporter-output>
        </test-method> <!-- checkout -->
        <test-method is-config="true" signature="taerdown()[pri:0, instance:Weather.Shopping.EndToEndBuyProduct@81ff872]" started-at="2021-12-06T16:55:23Z" name="taerdown" finished-at="2021-12-06T16:55:24Z" duration-ms="83" status="PASS">
          <reporter-output>
          </reporter-output>
        </test-method> <!-- taerdown -->
      </class> <!-- Weather.Shopping.EndToEndBuyProduct -->
    </test> <!-- Test -->
  </suite> <!-- Suite -->
</testng-results>
